* commit 6c9f13829e3ff1b8b477d4d0734015dee4ef3c6f
| Author: Oscar Samuel <oscarsamueldev@gmail.com>
| Date:   Wed Feb 28 18:34:37 2024 -0600
| 
|     agregando commit para --soft
| 
* commit 788a64d604aef180b98232093ee09e17e71c0da4
| Author: Oscar Samuel <oscarsamueldev@gmail.com>
| Date:   Wed Feb 28 16:58:28 2024 -0600
| 
|     agregando archivos ignorados a gitignore
| 
* commit 80d46078ddcf64146fd8038c155ce69be58b0bc7
| Author: Oscar Samuel <oscarsamueldev@gmail.com>
| Date:   Wed Feb 28 16:40:13 2024 -0600
| 
|     Agregando index.js
| 
* commit 00080cfb52a9fbb4f972dde2a10014bbfe098b88
| Author: Oscar Samuel <oscarsamueldev@gmail.com>
| Date:   Wed Feb 28 16:37:08 2024 -0600
| 
|     Agregando gitignore
| 
* commit 94f6230fcc18c2512b1322314fa3f1a1fcbfd163
| Author: Oscar Ramírez <146952755+OscarSamuelRDev@users.noreply.github.com>
| Date:   Wed Feb 28 16:36:06 2024 -0600
| 
|     Update README.md
|     
|     Editando desde el remoto
| 
* commit 2c5c5e5690ebd67772cf0ca3efaf95f8d67dafea
| Author: Oscar Samuel <oscarsamueldev@gmail.com>
| Date:   Wed Feb 28 16:33:14 2024 -0600
| 
|     2nd Commit
| 
* commit 76bac0c4a57f81a650e92e6875e7f3b56af1f7ba
  Author: Oscar Samuel <oscarsamueldev@gmail.com>
  Date:   Wed Feb 28 16:31:34 2024 -0600
  
      first commit
